Library/Bee/Android/Prj/IL2CPP/Gradle/launcher/build/intermediates/manifest_merge_blame_file/release/manifest-merger-blame-release-report.txt
1<?xml version="1.0" encoding="utf-8"?>
2<manifest xmlns:android="http://schemas.android.com/apk/res/android"
3    package="com.vuforia.engine.VuforiaEngine"
4    android:installLocation="preferExternal"
5    android:versionCode="10144"
6    android:versionName="10.14.4" >
7
8    <uses-sdk
9        android:minSdkVersion="24"
9-->src\main\AndroidManifest.xml
10        android:targetSdkVersion="30" />
10-->src\main\AndroidManifest.xml
11
12    <supports-screens
12-->src\main\AndroidManifest.xml:3:3-163
13        android:anyDensity="true"
13-->src\main\AndroidManifest.xml:3:135-160
14        android:largeScreens="true"
14-->src\main\AndroidManifest.xml:3:78-105
15        android:normalScreens="true"
15-->src\main\AndroidManifest.xml:3:49-77
16        android:smallScreens="true"
16-->src\main\AndroidManifest.xml:3:21-48
17        android:xlargeScreens="true" />
17-->src\main\AndroidManifest.xml:3:106-134
18
19    <uses-feature android:glEsVersion="0x00030000" />
19-->[:unityLibrary] AndroidManifest.xml:12:5-54
19-->[:unityLibrary] AndroidManifest.xml:12:19-51
20
21    <uses-permission android:name="android.permission.CAMERA" />
21-->[:unityLibrary] AndroidManifest.xml:14:5-65
21-->[:unityLibrary] AndroidManifest.xml:14:22-62
22
23    <uses-feature
23-->[:unityLibrary] AndroidManifest.xml:16:5-18:36
24        android:name="android.hardware.camera"
24-->[:unityLibrary] AndroidManifest.xml:17:9-47
25        android:required="true" />
25-->[:unityLibrary] AndroidManifest.xml:18:9-33
26    <uses-feature
26-->[:unityLibrary] AndroidManifest.xml:19:5-21:36
27        android:name="android.hardware.camera.autofocus"
27-->[:unityLibrary] AndroidManifest.xml:20:9-57
28        android:required="false" />
28-->[:unityLibrary] AndroidManifest.xml:21:9-33
29    <uses-feature
29-->[:unityLibrary] AndroidManifest.xml:22:5-24:36
30        android:name="android.hardware.camera.front"
30-->[:unityLibrary] AndroidManifest.xml:23:9-53
31        android:required="false" />
31-->[:unityLibrary] AndroidManifest.xml:24:9-33
32    <uses-feature
32-->[:unityLibrary] AndroidManifest.xml:25:5-27:36
33        android:name="android.hardware.touchscreen"
33-->[:unityLibrary] AndroidManifest.xml:26:9-52
34        android:required="false" />
34-->[:unityLibrary] AndroidManifest.xml:27:9-33
35    <uses-feature
35-->[:unityLibrary] AndroidManifest.xml:28:5-30:36
36        android:name="android.hardware.touchscreen.multitouch"
36-->[:unityLibrary] AndroidManifest.xml:29:9-63
37        android:required="false" />
37-->[:unityLibrary] AndroidManifest.xml:30:9-33
38    <uses-feature
38-->[:unityLibrary] AndroidManifest.xml:31:5-33:36
39        android:name="android.hardware.touchscreen.multitouch.distinct"
39-->[:unityLibrary] AndroidManifest.xml:32:9-72
40        android:required="false" />
40-->[:unityLibrary] AndroidManifest.xml:33:9-33
41
42    <queries>
42-->[com.google.ar:core:1.22.0] AndroidManifest.xml:29:5-31:15
43        <package android:name="com.google.ar.core" />
43-->[com.google.ar:core:1.22.0] AndroidManifest.xml:30:9-54
43-->[com.google.ar:core:1.22.0] AndroidManifest.xml:30:18-51
44    </queries>
45    <!--
46        Required by Vuforia: Add this permission to access IMU sensors at high rate
47        for device tracker functionality on Android 12+.
48    -->
49    <uses-permission android:name="android.permission.HIGH_SAMPLING_RATE_SENSORS" /> <!-- Required by Vuforia: Add this permission to allow checking of network. -->
49-->[:VuforiaEngine:] AndroidManifest.xml:16:5-85
49-->[:VuforiaEngine:] AndroidManifest.xml:16:22-82
50    <uses-permission android:name="android.permission.ACCESS_NETWORK_STATE" /> <!-- Required by Vuforia: Add this permission to allow opening network sockets. -->
50-->[:VuforiaEngine:] AndroidManifest.xml:19:5-79
50-->[:VuforiaEngine:] AndroidManifest.xml:19:22-76
51    <uses-permission android:name="android.permission.INTERNET" />
51-->[:VuforiaEngine:] AndroidManifest.xml:22:5-67
51-->[:VuforiaEngine:] AndroidManifest.xml:22:22-64
52
53    <application
53-->src\main\AndroidManifest.xml:4:3-126
54        android:extractNativeLibs="true"
54-->[:unityLibrary] AndroidManifest.xml:35:18-50
55        android:icon="@mipmap/app_icon"
55-->src\main\AndroidManifest.xml:4:49-80
56        android:label="@string/app_name"
56-->src\main\AndroidManifest.xml:4:16-48
57        android:roundIcon="@mipmap/app_icon_round" >
57-->src\main\AndroidManifest.xml:4:81-123
58        <activity
58-->[:unityLibrary] AndroidManifest.xml:36:9-56:20
59            android:name="com.unity3d.player.UnityPlayerActivity"
59-->[:unityLibrary] AndroidManifest.xml:37:13-66
60            android:configChanges="mcc|mnc|locale|touchscreen|keyboard|keyboardHidden|navigation|orientation|screenLayout|uiMode|screenSize|smallestScreenSize|fontScale|layoutDirection|density"
60-->[:unityLibrary] AndroidManifest.xml:38:13-194
61            android:hardwareAccelerated="false"
61-->[:unityLibrary] AndroidManifest.xml:39:13-48
62            android:launchMode="singleTask"
62-->[:unityLibrary] AndroidManifest.xml:40:13-44
63            android:resizeableActivity="false"
63-->[:unityLibrary] AndroidManifest.xml:41:13-47
64            android:screenOrientation="userLandscape"
64-->[:unityLibrary] AndroidManifest.xml:42:13-54
65            android:theme="@style/UnityThemeSelector" >
65-->[:unityLibrary] AndroidManifest.xml:43:13-54
66            <intent-filter>
66-->[:unityLibrary] AndroidManifest.xml:44:13-48:29
67                <action android:name="android.intent.action.MAIN" />
67-->[:unityLibrary] AndroidManifest.xml:45:17-69
67-->[:unityLibrary] AndroidManifest.xml:45:25-66
68
69                <category android:name="android.intent.category.LAUNCHER" />
69-->[:unityLibrary] AndroidManifest.xml:47:17-77
69-->[:unityLibrary] AndroidManifest.xml:47:27-74
70            </intent-filter>
71
72            <meta-data
72-->[:unityLibrary] AndroidManifest.xml:50:13-52:40
73                android:name="unityplayer.UnityActivity"
73-->[:unityLibrary] AndroidManifest.xml:51:17-57
74                android:value="true" />
74-->[:unityLibrary] AndroidManifest.xml:52:17-37
75            <meta-data
75-->[:unityLibrary] AndroidManifest.xml:53:13-55:40
76                android:name="android.notch_support"
76-->[:unityLibrary] AndroidManifest.xml:54:17-53
77                android:value="true" />
77-->[:unityLibrary] AndroidManifest.xml:55:17-37
78        </activity>
79
80        <meta-data
80-->[:unityLibrary] AndroidManifest.xml:58:9-60:33
81            android:name="unity.splash-mode"
81-->[:unityLibrary] AndroidManifest.xml:59:13-45
82            android:value="0" />
82-->[:unityLibrary] AndroidManifest.xml:60:13-30
83        <meta-data
83-->[:unityLibrary] AndroidManifest.xml:61:9-63:36
84            android:name="unity.splash-enable"
84-->[:unityLibrary] AndroidManifest.xml:62:13-47
85            android:value="True" />
85-->[:unityLibrary] AndroidManifest.xml:63:13-33
86        <meta-data
86-->[:unityLibrary] AndroidManifest.xml:64:9-66:36
87            android:name="unity.launch-fullscreen"
87-->[:unityLibrary] AndroidManifest.xml:65:13-51
88            android:value="True" />
88-->[:unityLibrary] AndroidManifest.xml:66:13-33
89        <meta-data
89-->[:unityLibrary] AndroidManifest.xml:67:9-69:37
90            android:name="unity.allow-resizable-window"
90-->[:unityLibrary] AndroidManifest.xml:68:13-56
91            android:value="False" />
91-->[:unityLibrary] AndroidManifest.xml:69:13-34
92        <meta-data
92-->[:unityLibrary] AndroidManifest.xml:70:9-72:50
93            android:name="notch.config"
93-->[:unityLibrary] AndroidManifest.xml:71:13-40
94            android:value="portrait|landscape" />
94-->[:unityLibrary] AndroidManifest.xml:72:13-47
95        <meta-data
95-->[:unityLibrary] AndroidManifest.xml:73:9-75:36
96            android:name="unity.auto-report-fully-drawn"
96-->[:unityLibrary] AndroidManifest.xml:74:13-57
97            android:value="true" />
97-->[:unityLibrary] AndroidManifest.xml:75:13-33
98        <meta-data
98-->[:unityLibrary] AndroidManifest.xml:76:9-78:40
99            android:name="com.google.ar.core"
99-->[:unityLibrary] AndroidManifest.xml:77:13-46
100            android:value="optional" /> <!-- The minimal version code of ARCore APK required for an app using this SDK. -->
100-->[:unityLibrary] AndroidManifest.xml:78:13-37
101        <meta-data
101-->[com.google.ar:core:1.22.0] AndroidManifest.xml:36:9-38:41
102            android:name="com.google.ar.core.min_apk_version"
102-->[com.google.ar:core:1.22.0] AndroidManifest.xml:37:13-62
103            android:value="202940000" /> <!-- This activity is critical for installing ARCore when it is not already present. -->
103-->[com.google.ar:core:1.22.0] AndroidManifest.xml:38:13-38
104        <activity
104-->[com.google.ar:core:1.22.0] AndroidManifest.xml:40:9-46:80
105            android:name="com.google.ar.core.InstallActivity"
105-->[com.google.ar:core:1.22.0] AndroidManifest.xml:41:13-62
106            android:configChanges="keyboardHidden|orientation|screenSize"
106-->[com.google.ar:core:1.22.0] AndroidManifest.xml:42:13-74
107            android:excludeFromRecents="true"
107-->[com.google.ar:core:1.22.0] AndroidManifest.xml:43:13-46
108            android:exported="false"
108-->[com.google.ar:core:1.22.0] AndroidManifest.xml:44:13-37
109            android:launchMode="singleTop"
109-->[com.google.ar:core:1.22.0] AndroidManifest.xml:45:13-43
110            android:theme="@android:style/Theme.Material.Light.Dialog.Alert" />
110-->[com.google.ar:core:1.22.0] AndroidManifest.xml:46:13-77
111
112        <provider
112-->[:VuforiaEngine:] AndroidManifest.xml:25:9-33:20
113            android:name="com.vuforia.engine.app.VuforiaContentProvider"
113-->[:VuforiaEngine:] AndroidManifest.xml:26:13-73
114            android:authorities="com.vuforia.engine.VuforiaEngine.vuforia.share"
114-->[:VuforiaEngine:] AndroidManifest.xml:27:13-65
115            android:exported="false"
115-->[:VuforiaEngine:] AndroidManifest.xml:28:13-37
116            android:grantUriPermissions="true" >
116-->[:VuforiaEngine:] AndroidManifest.xml:29:13-47
117            <meta-data
117-->[:VuforiaEngine:] AndroidManifest.xml:30:13-32:53
118                android:name="android.support.FILE_PROVIDER_PATHS"
118-->[:VuforiaEngine:] AndroidManifest.xml:31:17-67
119                android:resource="@xml/filepaths" />
119-->[:VuforiaEngine:] AndroidManifest.xml:32:17-50
120        </provider>
121    </application>
122
123</manifest>